# JRE version: OpenJDK Runtime Environment (8.0_152-b01) (build 1.8.0_152-release-1248-b01)
# Java VM: OpenJDK 64-Bit Server VM (25.152-b01 mixed mode windows-amd64 compressed oops)
Heap:
 PSYoungGen      total 345088K, used 105000K [0x00000000e0000000, 0x00000000f8000000, 0x0000000100000000)
  eden space 331776K, 27% used [0x00000000e0000000,0x00000000e598d688,0x00000000f4400000)
  from space 13312K, 99% used [0x00000000f7300000,0x00000000f7ffca78,0x00000000f8000000)
  to   space 22528K, 0% used [0x00000000f5400000,0x00000000f5400000,0x00000000f6a00000)
 ParOldGen       total 99840K, used 31700K [0x00000000a0000000, 0x00000000a6180000, 0x00000000e0000000)
  object space 99840K, 31% used [0x00000000a0000000,0x00000000a1ef5350,0x00000000a6180000)
 Metaspace       used 67982K, capacity 70184K, committed 70528K, reserved 1110016K
  class space    used 8911K, capacity 9474K, committed 9600K, reserved 1048576K
GC Heap History (10 events):
Event: 7.625 GC heap before
{Heap before GC invocations=9 (full 2):
 PSYoungGen      total 205824K, used 11568K [0x00000000e0000000, 0x00000000f2880000, 0x0000000100000000)
  eden space 193536K, 0% used [0x00000000e0000000,0x00000000e0000000,0x00000000ebd00000)
  from space 12288K, 94% used [0x00000000ebd00000,0x00000000ec84c168,0x00000000ec900000)
  to   space 13824K, 0% used [0x00000000f1b00000,0x00000000f1b00000,0x00000000f2880000)
 ParOldGen       total 50176K, used 12164K [0x00000000a0000000, 0x00000000a3100000, 0x00000000e0000000)
  object space 50176K, 24% used [0x00000000a0000000,0x00000000a0be1008,0x00000000a3100000)
 Metaspace       used 34836K, capacity 35476K, committed 35496K, reserved 1079296K
  class space    used 4872K, capacity 5114K, committed 5120K, reserved 1048576K
Event: 7.719 GC heap after
Heap after GC invocations=9 (full 2):
 PSYoungGen      total 205824K, used 0K [0x00000000e0000000, 0x00000000f2880000, 0x0000000100000000)
  eden space 193536K, 0% used [0x00000000e0000000,0x00000000e0000000,0x00000000ebd00000)
  from space 12288K, 0% used [0x00000000ebd00000,0x00000000ebd00000,0x00000000ec900000)
  to   space 13824K, 0% used [0x00000000f1b00000,0x00000000f1b00000,0x00000000f2880000)
 ParOldGen       total 68608K, used 18091K [0x00000000a0000000, 0x00000000a4300000, 0x00000000e0000000)
  object space 68608K, 26% used [0x00000000a0000000,0x00000000a11aaea0,0x00000000a4300000)
 Metaspace       used 34836K, capacity 35476K, committed 35496K, reserved 1079296K
  class space    used 4872K, capacity 5114K, committed 5120K, reserved 1048576K
}
Event: 10.287 GC heap before
{Heap before GC invocations=10 (full 2):
 PSYoungGen      total 205824K, used 193536K [0x00000000e0000000, 0x00000000f2880000, 0x0000000100000000)
  eden space 193536K, 100% used [0x00000000e0000000,0x00000000ebd00000,0x00000000ebd00000)
  from space 12288K, 0% used [0x00000000ebd00000,0x00000000ebd00000,0x00000000ec900000)
  to   space 13824K, 0% used [0x00000000f1b00000,0x00000000f1b00000,0x00000000f2880000)
 ParOldGen       total 68608K, used 18091K [0x00000000a0000000, 0x00000000a4300000, 0x00000000e0000000)
  object space 68608K, 26% used [0x00000000a0000000,0x00000000a11aaea0,0x00000000a4300000)
 Metaspace       used 52531K, capacity 53690K, committed 53888K, reserved 1095680K
  class space    used 7096K, capacity 7446K, committed 7552K, reserved 1048576K
Event: 10.308 GC heap after
Heap after GC invocations=10 (full 2):
 PSYoungGen      total 283136K, used 13816K [0x00000000e0000000, 0x00000000f4b00000, 0x0000000100000000)
  eden space 269312K, 0% used [0x00000000e0000000,0x00000000e0000000,0x00000000f0700000)
  from space 13824K, 99% used [0x00000000f1b00000,0x00000000f287e398,0x00000000f2880000)
  to   space 20480K, 0% used [0x00000000f0700000,0x00000000f0700000,0x00000000f1b00000)
 ParOldGen       total 68608K, used 28204K [0x00000000a0000000, 0x00000000a4300000, 0x00000000e0000000)
  object space 68608K, 41% used [0x00000000a0000000,0x00000000a1b8b148,0x00000000a4300000)
 Metaspace       used 52531K, capacity 53690K, committed 53888K, reserved 1095680K
  class space    used 7096K, capacity 7446K, committed 7552K, reserved 1048576K
}
Event: 11.855 GC heap before
{Heap before GC invocations=11 (full 2):
 PSYoungGen      total 283136K, used 99398K [0x00000000e0000000, 0x00000000f4b00000, 0x0000000100000000)
  eden space 269312K, 31% used [0x00000000e0000000,0x00000000e5393748,0x00000000f0700000)
  from space 13824K, 99% used [0x00000000f1b00000,0x00000000f287e398,0x00000000f2880000)
  to   space 20480K, 0% used [0x00000000f0700000,0x00000000f0700000,0x00000000f1b00000)
 ParOldGen       total 68608K, used 28204K [0x00000000a0000000, 0x00000000a4300000, 0x00000000e0000000)
  object space 68608K, 41% used [0x00000000a0000000,0x00000000a1b8b148,0x00000000a4300000)
 Metaspace       used 57482K, capacity 59016K, committed 59136K, reserved 1099776K
  class space    used 7918K, capacity 8347K, committed 8448K, reserved 1048576K
Event: 11.899 GC heap after
Heap after GC invocations=11 (full 2):
 PSYoungGen      total 289792K, used 17755K [0x00000000e0000000, 0x00000000f8900000, 0x0000000100000000)
  eden space 269312K, 0% used [0x00000000e0000000,0x00000000e0000000,0x00000000f0700000)
  from space 20480K, 86% used [0x00000000f0700000,0x00000000f1856c00,0x00000000f1b00000)
  to   space 22528K, 0% used [0x00000000f7300000,0x00000000f7300000,0x00000000f8900000)
 ParOldGen       total 68608K, used 28212K [0x00000000a0000000, 0x00000000a4300000, 0x00000000e0000000)
  object space 68608K, 41% used [0x00000000a0000000,0x00000000a1b8d148,0x00000000a4300000)
 Metaspace       used 57482K, capacity 59016K, committed 59136K, reserved 1099776K
  class space    used 7918K, capacity 8347K, committed 8448K, reserved 1048576K
}
Event: 11.899 GC heap before
{Heap before GC invocations=12 (full 3):
 PSYoungGen      total 289792K, used 17755K [0x00000000e0000000, 0x00000000f8900000, 0x0000000100000000)
  eden space 269312K, 0% used [0x00000000e0000000,0x00000000e0000000,0x00000000f0700000)
  from space 20480K, 86% used [0x00000000f0700000,0x00000000f1856c00,0x00000000f1b00000)
  to   space 22528K, 0% used [0x00000000f7300000,0x00000000f7300000,0x00000000f8900000)
 ParOldGen       total 68608K, used 28212K [0x00000000a0000000, 0x00000000a4300000, 0x00000000e0000000)
  object space 68608K, 41% used [0x00000000a0000000,0x00000000a1b8d148,0x00000000a4300000)
 Metaspace       used 57482K, capacity 59016K, committed 59136K, reserved 1099776K
  class space    used 7918K, capacity 8347K, committed 8448K, reserved 1048576K
Event: 12.122 GC heap after
Heap after GC invocations=12 (full 3):
 PSYoungGen      total 289792K, used 0K [0x00000000e0000000, 0x00000000f8900000, 0x0000000100000000)
  eden space 269312K, 0% used [0x00000000e0000000,0x00000000e0000000,0x00000000f0700000)
  from space 20480K, 0% used [0x00000000f0700000,0x00000000f0700000,0x00000000f1b00000)
  to   space 22528K, 0% used [0x00000000f7300000,0x00000000f7300000,0x00000000f8900000)
 ParOldGen       total 99840K, used 31692K [0x00000000a0000000, 0x00000000a6180000, 0x00000000e0000000)
  object space 99840K, 31% used [0x00000000a0000000,0x00000000a1ef3350,0x00000000a6180000)
 Metaspace       used 57482K, capacity 59016K, committed 59136K, reserved 1099776K
  class space    used 7918K, capacity 8347K, committed 8448K, reserved 1048576K
}
Event: 471.333 GC heap before
{Heap before GC invocations=13 (full 3):
 PSYoungGen      total 289792K, used 269312K [0x00000000e0000000, 0x00000000f8900000, 0x0000000100000000)
  eden space 269312K, 100% used [0x00000000e0000000,0x00000000f0700000,0x00000000f0700000)
  from space 20480K, 0% used [0x00000000f0700000,0x00000000f0700000,0x00000000f1b00000)
  to   space 22528K, 0% used [0x00000000f7300000,0x00000000f7300000,0x00000000f8900000)
 ParOldGen       total 99840K, used 31692K [0x00000000a0000000, 0x00000000a6180000, 0x00000000e0000000)
  object space 99840K, 31% used [0x00000000a0000000,0x00000000a1ef3350,0x00000000a6180000)
 Metaspace       used 67538K, capacity 69660K, committed 69888K, reserved 1110016K
  class space    used 8883K, capacity 9435K, committed 9472K, reserved 1048576K
Event: 471.366 GC heap after
Heap after GC invocations=13 (full 3):
 PSYoungGen      total 345088K, used 13298K [0x00000000e0000000, 0x00000000f8000000, 0x0000000100000000)
  eden space 331776K, 0% used [0x00000000e0000000,0x00000000e0000000,0x00000000f4400000)
  from space 13312K, 99% used [0x00000000f7300000,0x00000000f7ffca78,0x00000000f8000000)
  to   space 22528K, 0% used [0x00000000f5400000,0x00000000f5400000,0x00000000f6a00000)
 ParOldGen       total 99840K, used 31700K [0x00000000a0000000, 0x00000000a6180000, 0x00000000e0000000)
  object space 99840K, 31% used [0x00000000a0000000,0x00000000a1ef5350,0x00000000a6180000)
 Metaspace       used 67538K, capacity 69660K, committed 69888K, reserved 1110016K
  class space    used 8883K, capacity 9435K, committed 9472K, reserved 1048576K
}

